{"D:\\Magang\\Proyek 1\\backend3\\controller\\absenController.js": {"path":"D:\\Magang\\Proyek 1\\backend3\\controller\\absenController.js","statementMap":{"0":{"start":{"line":1,"column":29},"end":{"line":1,"column":50}},"1":{"start":{"line":3,"column":17},"end":{"line":18,"column":2}},"2":{"start":{"line":4,"column":4},"end":{"line":17,"column":6}},"3":{"start":{"line":5,"column":26},"end":{"line":12,"column":10}},"4":{"start":{"line":13,"column":8},"end":{"line":13,"column":28}},"5":{"start":{"line":15,"column":8},"end":{"line":15,"column":27}},"6":{"start":{"line":16,"column":8},"end":{"line":16,"column":55}},"7":{"start":{"line":21,"column":18},"end":{"line":28,"column":1}},"8":{"start":{"line":22,"column":4},"end":{"line":27,"column":5}},"9":{"start":{"line":23,"column":30},"end":{"line":23,"column":62}},"10":{"start":{"line":24,"column":8},"end":{"line":24,"column":44}},"11":{"start":{"line":26,"column":8},"end":{"line":26,"column":57}},"12":{"start":{"line":31,"column":17},"end":{"line":45,"column":1}},"13":{"start":{"line":32,"column":4},"end":{"line":44,"column":5}},"14":{"start":{"line":33,"column":23},"end":{"line":33,"column":33}},"15":{"start":{"line":34,"column":34},"end":{"line":36,"column":10}},"16":{"start":{"line":37,"column":8},"end":{"line":41,"column":9}},"17":{"start":{"line":38,"column":12},"end":{"line":38,"column":70}},"18":{"start":{"line":40,"column":12},"end":{"line":40,"column":78}},"19":{"start":{"line":43,"column":8},"end":{"line":43,"column":57}},"20":{"start":{"line":48,"column":20},"end":{"line":62,"column":1}},"21":{"start":{"line":49,"column":4},"end":{"line":61,"column":5}},"22":{"start":{"line":50,"column":23},"end":{"line":50,"column":33}},"23":{"start":{"line":51,"column":28},"end":{"line":53,"column":10}},"24":{"start":{"line":54,"column":8},"end":{"line":58,"column":9}},"25":{"start":{"line":55,"column":12},"end":{"line":55,"column":67}},"26":{"start":{"line":57,"column":12},"end":{"line":57,"column":78}},"27":{"start":{"line":60,"column":8},"end":{"line":60,"column":57}},"28":{"start":{"line":64,"column":0},"end":{"line":66,"column":1}}},"fnMap":{"0":{"name":"(anonymous_0)","decl":{"start":{"line":3,"column":17},"end":{"line":3,"column":18}},"loc":{"start":{"line":3,"column":37},"end":{"line":18,"column":2}},"line":3},"1":{"name":"(anonymous_1)","decl":{"start":{"line":21,"column":18},"end":{"line":21,"column":19}},"loc":{"start":{"line":21,"column":38},"end":{"line":28,"column":1}},"line":21},"2":{"name":"(anonymous_2)","decl":{"start":{"line":31,"column":17},"end":{"line":31,"column":18}},"loc":{"start":{"line":31,"column":37},"end":{"line":45,"column":1}},"line":31},"3":{"name":"(anonymous_3)","decl":{"start":{"line":48,"column":20},"end":{"line":48,"column":21}},"loc":{"start":{"line":48,"column":40},"end":{"line":62,"column":1}},"line":48}},"branchMap":{"0":{"loc":{"start":{"line":37,"column":8},"end":{"line":41,"column":9}},"type":"if","locations":[{"start":{"line":37,"column":8},"end":{"line":41,"column":9}},{"start":{"line":39,"column":15},"end":{"line":41,"column":9}}],"line":37},"1":{"loc":{"start":{"line":54,"column":8},"end":{"line":58,"column":9}},"type":"if","locations":[{"start":{"line":54,"column":8},"end":{"line":58,"column":9}},{"start":{"line":56,"column":15},"end":{"line":58,"column":9}}],"line":54}},"s":{"0":1,"1":1,"2":2,"3":2,"4":1,"5":1,"6":1,"7":1,"8":1,"9":1,"10":0,"11":1,"12":1,"13":2,"14":2,"15":2,"16":1,"17":1,"18":0,"19":1,"20":1,"21":2,"22":2,"23":2,"24":1,"25":1,"26":0,"27":1,"28":1},"f":{"0":2,"1":1,"2":2,"3":2},"b":{"0":[1,0],"1":[1,0]},"_coverageSchema":"1a1c01bbd47fc00a2c39e90264f33305004495a9","hash":"d9ed728137b1c387a556e371cbaa602cbbfcbdf2"}
,"D:\\Magang\\Proyek 1\\backend3\\controller\\loginController.js": {"path":"D:\\Magang\\Proyek 1\\backend3\\controller\\loginController.js","statementMap":{"0":{"start":{"line":1,"column":20},"end":{"line":1,"column":41}},"1":{"start":{"line":2,"column":12},"end":{"line":2,"column":35}},"2":{"start":{"line":3,"column":15},"end":{"line":3,"column":32}},"3":{"start":{"line":7,"column":14},"end":{"line":28,"column":3}},"4":{"start":{"line":8,"column":32},"end":{"line":8,"column":40}},"5":{"start":{"line":10,"column":4},"end":{"line":27,"column":5}},"6":{"start":{"line":11,"column":19},"end":{"line":11,"column":64}},"7":{"start":{"line":12,"column":6},"end":{"line":14,"column":7}},"8":{"start":{"line":13,"column":8},"end":{"line":13,"column":81}},"9":{"start":{"line":16,"column":30},"end":{"line":16,"column":61}},"10":{"start":{"line":17,"column":6},"end":{"line":19,"column":7}},"11":{"start":{"line":18,"column":8},"end":{"line":18,"column":81}},"12":{"start":{"line":21,"column":20},"end":{"line":21,"column":85}},"13":{"start":{"line":23,"column":6},"end":{"line":23,"column":26}},"14":{"start":{"line":25,"column":6},"end":{"line":25,"column":27}},"15":{"start":{"line":26,"column":6},"end":{"line":26,"column":56}},"16":{"start":{"line":31,"column":17},"end":{"line":39,"column":4}},"17":{"start":{"line":32,"column":6},"end":{"line":38,"column":8}},"18":{"start":{"line":33,"column":28},"end":{"line":33,"column":53}},"19":{"start":{"line":34,"column":10},"end":{"line":34,"column":30}},"20":{"start":{"line":36,"column":10},"end":{"line":36,"column":29}},"21":{"start":{"line":37,"column":10},"end":{"line":37,"column":57}},"22":{"start":{"line":42,"column":20},"end":{"line":49,"column":3}},"23":{"start":{"line":43,"column":6},"end":{"line":48,"column":7}},"24":{"start":{"line":44,"column":27},"end":{"line":44,"column":59}},"25":{"start":{"line":45,"column":10},"end":{"line":45,"column":41}},"26":{"start":{"line":47,"column":10},"end":{"line":47,"column":59}},"27":{"start":{"line":52,"column":19},"end":{"line":66,"column":3}},"28":{"start":{"line":53,"column":6},"end":{"line":65,"column":7}},"29":{"start":{"line":54,"column":25},"end":{"line":54,"column":35}},"30":{"start":{"line":55,"column":36},"end":{"line":57,"column":12}},"31":{"start":{"line":58,"column":10},"end":{"line":62,"column":11}},"32":{"start":{"line":59,"column":14},"end":{"line":59,"column":70}},"33":{"start":{"line":61,"column":14},"end":{"line":61,"column":78}},"34":{"start":{"line":64,"column":10},"end":{"line":64,"column":59}},"35":{"start":{"line":69,"column":22},"end":{"line":83,"column":3}},"36":{"start":{"line":70,"column":6},"end":{"line":82,"column":7}},"37":{"start":{"line":71,"column":25},"end":{"line":71,"column":35}},"38":{"start":{"line":72,"column":30},"end":{"line":74,"column":12}},"39":{"start":{"line":75,"column":10},"end":{"line":79,"column":11}},"40":{"start":{"line":76,"column":14},"end":{"line":76,"column":67}},"41":{"start":{"line":78,"column":14},"end":{"line":78,"column":78}},"42":{"start":{"line":81,"column":10},"end":{"line":81,"column":59}},"43":{"start":{"line":85,"column":2},"end":{"line":87,"column":3}}},"fnMap":{"0":{"name":"(anonymous_0)","decl":{"start":{"line":7,"column":14},"end":{"line":7,"column":15}},"loc":{"start":{"line":7,"column":34},"end":{"line":28,"column":3}},"line":7},"1":{"name":"(anonymous_1)","decl":{"start":{"line":31,"column":17},"end":{"line":31,"column":18}},"loc":{"start":{"line":31,"column":37},"end":{"line":39,"column":4}},"line":31},"2":{"name":"(anonymous_2)","decl":{"start":{"line":42,"column":20},"end":{"line":42,"column":21}},"loc":{"start":{"line":42,"column":40},"end":{"line":49,"column":3}},"line":42},"3":{"name":"(anonymous_3)","decl":{"start":{"line":52,"column":19},"end":{"line":52,"column":20}},"loc":{"start":{"line":52,"column":39},"end":{"line":66,"column":3}},"line":52},"4":{"name":"(anonymous_4)","decl":{"start":{"line":69,"column":22},"end":{"line":69,"column":23}},"loc":{"start":{"line":69,"column":42},"end":{"line":83,"column":3}},"line":69}},"branchMap":{"0":{"loc":{"start":{"line":12,"column":6},"end":{"line":14,"column":7}},"type":"if","locations":[{"start":{"line":12,"column":6},"end":{"line":14,"column":7}},{"start":{},"end":{}}],"line":12},"1":{"loc":{"start":{"line":17,"column":6},"end":{"line":19,"column":7}},"type":"if","locations":[{"start":{"line":17,"column":6},"end":{"line":19,"column":7}},{"start":{},"end":{}}],"line":17},"2":{"loc":{"start":{"line":58,"column":10},"end":{"line":62,"column":11}},"type":"if","locations":[{"start":{"line":58,"column":10},"end":{"line":62,"column":11}},{"start":{"line":60,"column":17},"end":{"line":62,"column":11}}],"line":58},"3":{"loc":{"start":{"line":75,"column":10},"end":{"line":79,"column":11}},"type":"if","locations":[{"start":{"line":75,"column":10},"end":{"line":79,"column":11}},{"start":{"line":77,"column":17},"end":{"line":79,"column":11}}],"line":75}},"s":{"0":1,"1":1,"2":1,"3":1,"4":3,"5":3,"6":3,"7":2,"8":1,"9":1,"10":1,"11":0,"12":1,"13":1,"14":1,"15":1,"16":1,"17":2,"18":2,"19":1,"20":1,"21":1,"22":1,"23":2,"24":2,"25":1,"26":1,"27":1,"28":2,"29":2,"30":2,"31":1,"32":1,"33":0,"34":1,"35":1,"36":2,"37":2,"38":2,"39":1,"40":1,"41":0,"42":1,"43":1},"f":{"0":3,"1":2,"2":2,"3":2,"4":2},"b":{"0":[1,1],"1":[0,1],"2":[1,0],"3":[1,0]},"_coverageSchema":"1a1c01bbd47fc00a2c39e90264f33305004495a9","hash":"15096c058d3f05589b6d886d515b1d870e3d7132"}
,"D:\\Magang\\Proyek 1\\backend3\\controller\\userController.js": {"path":"D:\\Magang\\Proyek 1\\backend3\\controller\\userController.js","statementMap":{"0":{"start":{"line":1,"column":19},"end":{"line":1,"column":40}},"1":{"start":{"line":3,"column":17},"end":{"line":13,"column":2}},"2":{"start":{"line":4,"column":4},"end":{"line":12,"column":5}},"3":{"start":{"line":5,"column":25},"end":{"line":7,"column":10}},"4":{"start":{"line":8,"column":8},"end":{"line":8,"column":27}},"5":{"start":{"line":10,"column":8},"end":{"line":10,"column":27}},"6":{"start":{"line":11,"column":8},"end":{"line":11,"column":55}},"7":{"start":{"line":16,"column":20},"end":{"line":23,"column":1}},"8":{"start":{"line":17,"column":4},"end":{"line":22,"column":5}},"9":{"start":{"line":18,"column":24},"end":{"line":18,"column":55}},"10":{"start":{"line":19,"column":8},"end":{"line":19,"column":38}},"11":{"start":{"line":21,"column":8},"end":{"line":21,"column":57}},"12":{"start":{"line":26,"column":16},"end":{"line":40,"column":1}},"13":{"start":{"line":27,"column":4},"end":{"line":39,"column":5}},"14":{"start":{"line":28,"column":23},"end":{"line":28,"column":33}},"15":{"start":{"line":29,"column":28},"end":{"line":31,"column":10}},"16":{"start":{"line":32,"column":8},"end":{"line":36,"column":9}},"17":{"start":{"line":33,"column":12},"end":{"line":33,"column":67}},"18":{"start":{"line":35,"column":12},"end":{"line":35,"column":75}},"19":{"start":{"line":38,"column":8},"end":{"line":38,"column":57}},"20":{"start":{"line":43,"column":19},"end":{"line":57,"column":1}},"21":{"start":{"line":44,"column":4},"end":{"line":56,"column":5}},"22":{"start":{"line":45,"column":23},"end":{"line":45,"column":33}},"23":{"start":{"line":46,"column":28},"end":{"line":48,"column":10}},"24":{"start":{"line":49,"column":8},"end":{"line":53,"column":9}},"25":{"start":{"line":50,"column":12},"end":{"line":50,"column":67}},"26":{"start":{"line":52,"column":12},"end":{"line":52,"column":78}},"27":{"start":{"line":55,"column":8},"end":{"line":55,"column":57}},"28":{"start":{"line":59,"column":0},"end":{"line":61,"column":1}}},"fnMap":{"0":{"name":"(anonymous_0)","decl":{"start":{"line":3,"column":17},"end":{"line":3,"column":18}},"loc":{"start":{"line":3,"column":37},"end":{"line":13,"column":2}},"line":3},"1":{"name":"(anonymous_1)","decl":{"start":{"line":16,"column":20},"end":{"line":16,"column":21}},"loc":{"start":{"line":16,"column":40},"end":{"line":23,"column":1}},"line":16},"2":{"name":"(anonymous_2)","decl":{"start":{"line":26,"column":16},"end":{"line":26,"column":17}},"loc":{"start":{"line":26,"column":36},"end":{"line":40,"column":1}},"line":26},"3":{"name":"(anonymous_3)","decl":{"start":{"line":43,"column":19},"end":{"line":43,"column":20}},"loc":{"start":{"line":43,"column":39},"end":{"line":57,"column":1}},"line":43}},"branchMap":{"0":{"loc":{"start":{"line":32,"column":8},"end":{"line":36,"column":9}},"type":"if","locations":[{"start":{"line":32,"column":8},"end":{"line":36,"column":9}},{"start":{"line":34,"column":15},"end":{"line":36,"column":9}}],"line":32},"1":{"loc":{"start":{"line":49,"column":8},"end":{"line":53,"column":9}},"type":"if","locations":[{"start":{"line":49,"column":8},"end":{"line":53,"column":9}},{"start":{"line":51,"column":15},"end":{"line":53,"column":9}}],"line":49}},"s":{"0":1,"1":1,"2":2,"3":2,"4":1,"5":1,"6":1,"7":1,"8":2,"9":2,"10":1,"11":1,"12":1,"13":2,"14":2,"15":2,"16":1,"17":1,"18":0,"19":1,"20":1,"21":2,"22":2,"23":2,"24":1,"25":1,"26":0,"27":1,"28":1},"f":{"0":2,"1":2,"2":2,"3":2},"b":{"0":[1,0],"1":[1,0]},"_coverageSchema":"1a1c01bbd47fc00a2c39e90264f33305004495a9","hash":"9e8c06e8b844f61f02bd9fd929530f9ea6be3bd1"}
,"D:\\Magang\\Proyek 1\\backend3\\models\\dataabsen.js": {"path":"D:\\Magang\\Proyek 1\\backend3\\models\\dataabsen.js","statementMap":{"0":{"start":{"line":4,"column":4},"end":{"line":4,"column":24}},"1":{"start":{"line":5,"column":0},"end":{"line":36,"column":2}},"2":{"start":{"line":8,"column":6},"end":{"line":10,"column":8}},"3":{"start":{"line":13,"column":2},"end":{"line":34,"column":5}},"4":{"start":{"line":35,"column":2},"end":{"line":35,"column":19}}},"fnMap":{"0":{"name":"(anonymous_0)","decl":{"start":{"line":5,"column":17},"end":{"line":5,"column":18}},"loc":{"start":{"line":5,"column":43},"end":{"line":36,"column":1}},"line":5},"1":{"name":"(anonymous_1)","decl":{"start":{"line":7,"column":4},"end":{"line":7,"column":5}},"loc":{"start":{"line":7,"column":29},"end":{"line":11,"column":5}},"line":7}},"branchMap":{},"s":{"0":1,"1":1,"2":1,"3":1,"4":1},"f":{"0":1,"1":1},"b":{},"_coverageSchema":"1a1c01bbd47fc00a2c39e90264f33305004495a9","hash":"d980191a0ed026cbec899534136921c3d9026258"}
,"D:\\Magang\\Proyek 1\\backend3\\models\\datauser.js": {"path":"D:\\Magang\\Proyek 1\\backend3\\models\\datauser.js","statementMap":{"0":{"start":{"line":4,"column":4},"end":{"line":4,"column":24}},"1":{"start":{"line":5,"column":0},"end":{"line":27,"column":2}},"2":{"start":{"line":8,"column":6},"end":{"line":8,"column":53}},"3":{"start":{"line":11,"column":2},"end":{"line":25,"column":5}},"4":{"start":{"line":26,"column":2},"end":{"line":26,"column":18}}},"fnMap":{"0":{"name":"(anonymous_0)","decl":{"start":{"line":5,"column":17},"end":{"line":5,"column":18}},"loc":{"start":{"line":5,"column":43},"end":{"line":27,"column":1}},"line":5},"1":{"name":"(anonymous_1)","decl":{"start":{"line":7,"column":4},"end":{"line":7,"column":5}},"loc":{"start":{"line":7,"column":29},"end":{"line":9,"column":5}},"line":7}},"branchMap":{},"s":{"0":1,"1":1,"2":1,"3":1,"4":1},"f":{"0":1,"1":1},"b":{},"_coverageSchema":"1a1c01bbd47fc00a2c39e90264f33305004495a9","hash":"9e7ae370395111bb576b19185e7cbe65b00aef5d"}
,"D:\\Magang\\Proyek 1\\backend3\\models\\index.js": {"path":"D:\\Magang\\Proyek 1\\backend3\\models\\index.js","statementMap":{"0":{"start":{"line":3,"column":11},"end":{"line":3,"column":24}},"1":{"start":{"line":4,"column":13},"end":{"line":4,"column":28}},"2":{"start":{"line":5,"column":18},"end":{"line":5,"column":38}},"3":{"start":{"line":6,"column":16},"end":{"line":6,"column":34}},"4":{"start":{"line":7,"column":17},"end":{"line":7,"column":42}},"5":{"start":{"line":8,"column":12},"end":{"line":8,"column":49}},"6":{"start":{"line":9,"column":15},"end":{"line":9,"column":65}},"7":{"start":{"line":10,"column":11},"end":{"line":10,"column":13}},"8":{"start":{"line":13,"column":0},"end":{"line":17,"column":1}},"9":{"start":{"line":14,"column":2},"end":{"line":14,"column":74}},"10":{"start":{"line":16,"column":2},"end":{"line":16,"column":87}},"11":{"start":{"line":19,"column":0},"end":{"line":32,"column":5}},"12":{"start":{"line":22,"column":4},"end":{"line":27,"column":6}},"13":{"start":{"line":30,"column":18},"end":{"line":30,"column":85}},"14":{"start":{"line":31,"column":4},"end":{"line":31,"column":27}},"15":{"start":{"line":34,"column":0},"end":{"line":38,"column":3}},"16":{"start":{"line":35,"column":2},"end":{"line":37,"column":3}},"17":{"start":{"line":36,"column":4},"end":{"line":36,"column":32}},"18":{"start":{"line":40,"column":0},"end":{"line":40,"column":25}},"19":{"start":{"line":41,"column":0},"end":{"line":41,"column":25}},"20":{"start":{"line":43,"column":0},"end":{"line":43,"column":20}}},"fnMap":{"0":{"name":"(anonymous_0)","decl":{"start":{"line":21,"column":10},"end":{"line":21,"column":11}},"loc":{"start":{"line":21,"column":18},"end":{"line":28,"column":3}},"line":21},"1":{"name":"(anonymous_1)","decl":{"start":{"line":29,"column":11},"end":{"line":29,"column":12}},"loc":{"start":{"line":29,"column":19},"end":{"line":32,"column":3}},"line":29},"2":{"name":"(anonymous_2)","decl":{"start":{"line":34,"column":24},"end":{"line":34,"column":25}},"loc":{"start":{"line":34,"column":37},"end":{"line":38,"column":1}},"line":34}},"branchMap":{"0":{"loc":{"start":{"line":8,"column":12},"end":{"line":8,"column":49}},"type":"binary-expr","locations":[{"start":{"line":8,"column":12},"end":{"line":8,"column":32}},{"start":{"line":8,"column":36},"end":{"line":8,"column":49}}],"line":8},"1":{"loc":{"start":{"line":13,"column":0},"end":{"line":17,"column":1}},"type":"if","locations":[{"start":{"line":13,"column":0},"end":{"line":17,"column":1}},{"start":{"line":15,"column":7},"end":{"line":17,"column":1}}],"line":13},"2":{"loc":{"start":{"line":23,"column":6},"end":{"line":26,"column":37}},"type":"binary-expr","locations":[{"start":{"line":23,"column":6},"end":{"line":23,"column":29}},{"start":{"line":24,"column":6},"end":{"line":24,"column":23}},{"start":{"line":25,"column":6},"end":{"line":25,"column":30}},{"start":{"line":26,"column":6},"end":{"line":26,"column":37}}],"line":23},"3":{"loc":{"start":{"line":35,"column":2},"end":{"line":37,"column":3}},"type":"if","locations":[{"start":{"line":35,"column":2},"end":{"line":37,"column":3}},{"start":{},"end":{}}],"line":35}},"s":{"0":1,"1":1,"2":1,"3":1,"4":1,"5":1,"6":1,"7":1,"8":1,"9":0,"10":1,"11":1,"12":4,"13":3,"14":3,"15":1,"16":3,"17":3,"18":1,"19":1,"20":1},"f":{"0":4,"1":3,"2":3},"b":{"0":[1,0],"1":[0,1],"2":[4,4,3,3],"3":[3,0]},"_coverageSchema":"1a1c01bbd47fc00a2c39e90264f33305004495a9","hash":"0d795150459f428da22b483ad642592665a61c6a"}
,"D:\\Magang\\Proyek 1\\backend3\\models\\loginUser.js": {"path":"D:\\Magang\\Proyek 1\\backend3\\models\\loginUser.js","statementMap":{"0":{"start":{"line":4,"column":4},"end":{"line":4,"column":24}},"1":{"start":{"line":5,"column":0},"end":{"line":28,"column":2}},"2":{"start":{"line":8,"column":6},"end":{"line":10,"column":8}},"3":{"start":{"line":13,"column":2},"end":{"line":26,"column":5}},"4":{"start":{"line":27,"column":2},"end":{"line":27,"column":19}}},"fnMap":{"0":{"name":"(anonymous_0)","decl":{"start":{"line":5,"column":17},"end":{"line":5,"column":18}},"loc":{"start":{"line":5,"column":43},"end":{"line":28,"column":1}},"line":5},"1":{"name":"(anonymous_1)","decl":{"start":{"line":7,"column":4},"end":{"line":7,"column":5}},"loc":{"start":{"line":7,"column":29},"end":{"line":11,"column":5}},"line":7}},"branchMap":{},"s":{"0":1,"1":1,"2":1,"3":1,"4":1},"f":{"0":1,"1":1},"b":{},"_coverageSchema":"1a1c01bbd47fc00a2c39e90264f33305004495a9","hash":"1a089787095c42506b64faf313c332b60d4fe4b2"}
}
