TN:
SF:controller\absenController.js
FN:3,(anonymous_0)
FN:21,(anonymous_1)
FN:31,(anonymous_2)
FN:48,(anonymous_3)
FNF:4
FNH:4
FNDA:2,(anonymous_0)
FNDA:1,(anonymous_1)
FNDA:2,(anonymous_2)
FNDA:2,(anonymous_3)
DA:1,1
DA:3,1
DA:4,2
DA:5,2
DA:13,1
DA:15,1
DA:16,1
DA:21,1
DA:22,1
DA:23,1
DA:24,0
DA:26,1
DA:31,1
DA:32,2
DA:33,2
DA:34,2
DA:37,1
DA:38,1
DA:40,0
DA:43,1
DA:48,1
DA:49,2
DA:50,2
DA:51,2
DA:54,1
DA:55,1
DA:57,0
DA:60,1
DA:64,1
LF:29
LH:26
BRDA:37,0,0,1
BRDA:37,0,1,0
BRDA:54,1,0,1
BRDA:54,1,1,0
BRF:4
BRH:2
end_of_record
TN:
SF:controller\loginController.js
FN:7,(anonymous_0)
FN:31,(anonymous_1)
FN:42,(anonymous_2)
FN:52,(anonymous_3)
FN:69,(anonymous_4)
FNF:5
FNH:5
FNDA:3,(anonymous_0)
FNDA:2,(anonymous_1)
FNDA:2,(anonymous_2)
FNDA:2,(anonymous_3)
FNDA:2,(anonymous_4)
DA:1,1
DA:2,1
DA:3,1
DA:7,1
DA:8,3
DA:10,3
DA:11,3
DA:12,2
DA:13,1
DA:16,1
DA:17,1
DA:18,0
DA:21,1
DA:23,1
DA:25,1
DA:26,1
DA:31,1
DA:32,2
DA:33,2
DA:34,1
DA:36,1
DA:37,1
DA:42,1
DA:43,2
DA:44,2
DA:45,1
DA:47,1
DA:52,1
DA:53,2
DA:54,2
DA:55,2
DA:58,1
DA:59,1
DA:61,0
DA:64,1
DA:69,1
DA:70,2
DA:71,2
DA:72,2
DA:75,1
DA:76,1
DA:78,0
DA:81,1
DA:85,1
LF:44
LH:41
BRDA:12,0,0,1
BRDA:12,0,1,1
BRDA:17,1,0,0
BRDA:17,1,1,1
BRDA:58,2,0,1
BRDA:58,2,1,0
BRDA:75,3,0,1
BRDA:75,3,1,0
BRF:8
BRH:5
end_of_record
TN:
SF:controller\userController.js
FN:3,(anonymous_0)
FN:16,(anonymous_1)
FN:26,(anonymous_2)
FN:43,(anonymous_3)
FNF:4
FNH:4
FNDA:2,(anonymous_0)
FNDA:2,(anonymous_1)
FNDA:2,(anonymous_2)
FNDA:2,(anonymous_3)
DA:1,1
DA:3,1
DA:4,2
DA:5,2
DA:8,1
DA:10,1
DA:11,1
DA:16,1
DA:17,2
DA:18,2
DA:19,1
DA:21,1
DA:26,1
DA:27,2
DA:28,2
DA:29,2
DA:32,1
DA:33,1
DA:35,0
DA:38,1
DA:43,1
DA:44,2
DA:45,2
DA:46,2
DA:49,1
DA:50,1
DA:52,0
DA:55,1
DA:59,1
LF:29
LH:27
BRDA:32,0,0,1
BRDA:32,0,1,0
BRDA:49,1,0,1
BRDA:49,1,1,0
BRF:4
BRH:2
end_of_record
TN:
SF:models\dataabsen.js
FN:5,(anonymous_0)
FN:7,(anonymous_1)
FNF:2
FNH:2
FNDA:1,(anonymous_0)
FNDA:1,(anonymous_1)
DA:4,1
DA:5,1
DA:8,1
DA:13,1
DA:35,1
LF:5
LH:5
BRF:0
BRH:0
end_of_record
TN:
SF:models\datauser.js
FN:5,(anonymous_0)
FN:7,(anonymous_1)
FNF:2
FNH:2
FNDA:1,(anonymous_0)
FNDA:1,(anonymous_1)
DA:4,1
DA:5,1
DA:8,1
DA:11,1
DA:26,1
LF:5
LH:5
BRF:0
BRH:0
end_of_record
TN:
SF:models\index.js
FN:21,(anonymous_0)
FN:29,(anonymous_1)
FN:34,(anonymous_2)
FNF:3
FNH:3
FNDA:4,(anonymous_0)
FNDA:3,(anonymous_1)
FNDA:3,(anonymous_2)
DA:3,1
DA:4,1
DA:5,1
DA:6,1
DA:7,1
DA:8,1
DA:9,1
DA:10,1
DA:13,1
DA:14,0
DA:16,1
DA:19,1
DA:22,4
DA:30,3
DA:31,3
DA:34,1
DA:35,3
DA:36,3
DA:40,1
DA:41,1
DA:43,1
LF:21
LH:20
BRDA:8,0,0,1
BRDA:8,0,1,0
BRDA:13,1,0,0
BRDA:13,1,1,1
BRDA:23,2,0,4
BRDA:23,2,1,4
BRDA:23,2,2,3
BRDA:23,2,3,3
BRDA:35,3,0,3
BRDA:35,3,1,0
BRF:10
BRH:7
end_of_record
TN:
SF:models\loginUser.js
FN:5,(anonymous_0)
FN:7,(anonymous_1)
FNF:2
FNH:2
FNDA:1,(anonymous_0)
FNDA:1,(anonymous_1)
DA:4,1
DA:5,1
DA:8,1
DA:13,1
DA:27,1
LF:5
LH:5
BRF:0
BRH:0
end_of_record
